Log file open, 02/23/18 14:43:15
LogWindows: Failed to load 'aqProf.dll' (GetLastError=126)
LogWindows: File 'aqProf.dll' does not exist
LogWindows: Failed to load 'VSPerf140.dll' (GetLastError=126)
LogWindows: File 'VSPerf140.dll' does not exist
LogWindows: Failed to load 'VtuneApi.dll' (GetLastError=126)
LogWindows: File 'VtuneApi.dll' does not exist
LogWindows: Failed to load 'VtuneApi32e.dll' (GetLastError=126)
LogWindows: File 'VtuneApi32e.dll' does not exist
LogInit: Display: Running engine for game: ShootCsGo
LogPlatformFile: Not using cached read wrapper
LogInit: Display: RandInit(-627912208) SRandInit(-627912208).
LogInit: Read version file with build ID '3709383'
LogInit: Overriding engine version to CL 3754814, compatible CL 3709383
LogInit: Registered custom module enumerator with build ID '3709383'
LogTaskGraph: Started task graph with 5 named threads and 14 total threads with 3 sets of task threads.
LogStats: Stats thread started at 0.162509
LogD3D11RHI: Aftermath initialized
LogModuleManager: Display: Found up-to-date module file ../../../Engine/Plugins/2D/Paper2D/Binaries/Win64/UE4Editor-Paper2D.dll (API version 3709383).
LogModuleManager: Display: Found up-to-date module file ../../../Engine/Plugins/2D/Paper2D/Binaries/Win64/UE4Editor-Paper2DEditor.dll (API version 3709383).
LogModuleManager: Display: Found up-to-date module file ../../../Engine/Plugins/2D/Paper2D/Binaries/Win64/UE4Editor-PaperSpriteSheetImporter.dll (API version 3709383).
LogModuleManager: Display: Found up-to-date module file ../../../Engine/Plugins/2D/Paper2D/Binaries/Win64/UE4Editor-PaperTiledImporter.dll (API version 3709383).
LogModuleManager: Display: Found up-to-date module file ../../../Engine/Plugins/2D/Paper2D/Binaries/Win64/UE4Editor-SmartSnapping.dll (API version 3709383).
LogModuleManager: Display: Found up-to-date module file ../../../Engine/Plugins/Blendables/LightPropagationVolume/Binaries/Win64/UE4Editor-LightPropagationVolumeRuntime.dll (API version 3709383).
LogModuleManager: Display: Found up-to-date module file ../../../Engine/Plugins/Blendables/LightPropagationVolume/Binaries/Win64/UE4Editor-LightPropagationVolumeEditor.dll (API version 3709383).
LogModuleManager: Display: Found up-to-date module file ../../../Engine/Plugins/Developer/GitSourceControl/Binaries/Win64/UE4Editor-GitSourceControl.dll (API version 3709383).
LogModuleManager: Display: Found up-to-date module file ../../../Engine/Plugins/Developer/PerforceSourceControl/Binaries/Win64/UE4Editor-PerforceSourceControl.dll (API version 3709383).
LogModuleManager: Display: Found up-to-date module file ../../../Engine/Plugins/Developer/SubversionSourceControl/Binaries/Win64/UE4Editor-SubversionSourceControl.dll (API version 3709383).
LogModuleManager: Display: Found up-to-date module file ../../../Engine/Plugins/Developer/UObjectPlugin/Binaries/Win64/UE4Editor-UObjectPlugin.dll (API version 3709383).
LogModuleManager: Display: Found up-to-date module file ../../../Engine/Plugins/Developer/VisualStudioCodeSourceCodeAccess/Binaries/Win64/UE4Editor-VisualStudioCodeSourceCodeAccess.dll (API version 3709383).
LogModuleManager: Display: Found up-to-date module file ../../../Engine/Plugins/Developer/VisualStudioSourceCodeAccess/Binaries/Win64/UE4Editor-VisualStudioSourceCodeAccess.dll (API version 3709383).
LogModuleManager: Display: Found up-to-date module file ../../../Engine/Plugins/Editor/AssetManagerEditor/Binaries/Win64/UE4Editor-AssetManagerEditor.dll (API version 3709383).
LogModuleManager: Display: Found up-to-date module file ../../../Engine/Plugins/Editor/AudioCapture/Binaries/Win64/UE4Editor-AudioCapture.dll (API version 3709383).
LogModuleManager: Display: Found up-to-date module file ../../../Engine/Plugins/Editor/FacialAnimation/Binaries/Win64/UE4Editor-FacialAnimation.dll (API version 3709383).
LogModuleManager: Display: Found up-to-date module file ../../../Engine/Plugins/Editor/FacialAnimation/Binaries/Win64/UE4Editor-FacialAnimationEditor.dll (API version 3709383).
LogModuleManager: Display: Found up-to-date module file ../../../Engine/Plugins/Editor/GameplayTagsEditor/Binaries/Win64/UE4Editor-GameplayTagsEditor.dll (API version 3709383).
LogModuleManager: Display: Found up-to-date module file ../../../Engine/Plugins/Editor/MobileLauncherProfileWizard/Binaries/Win64/UE4Editor-MobileLauncherProfileWizard.dll (API version 3709383).
LogModuleManager: Display: Found up-to-date module file ../../../Engine/Plugins/Editor/PluginBrowser/Binaries/Win64/UE4Editor-PluginBrowser.dll (API version 3709383).
LogModuleManager: Display: Found up-to-date module file ../../../Engine/Plugins/Editor/SpeedTreeImporter/Binaries/Win64/UE4Editor-SpeedTreeImporter.dll (API version 3709383).
LogModuleManager: Display: Found up-to-date module file ../../../Engine/Plugins/Experimental/AlembicImporter/Binaries/Win64/UE4Editor-AlembicImporter.dll (API version 3709383).
LogModuleManager: Display: Found up-to-date module file ../../../Engine/Plugins/Experimental/AlembicImporter/Binaries/Win64/UE4Editor-AlembicLibrary.dll (API version 3709383).
LogModuleManager: Display: Found up-to-date module file ../../../Engine/Plugins/Experimental/CharacterAI/Binaries/Win64/UE4Editor-CharacterAI.dll (API version 3709383).
LogModuleManager: Display: Found up-to-date module file ../../../Engine/Plugins/Experimental/HTML5Networking/Binaries/Win64/UE4Editor-HTML5Networking.dll (API version 3709383).
LogModuleManager: Display: Found up-to-date module file ../../../Engine/Plugins/Media/AndroidMedia/Binaries/Win64/UE4Editor-AndroidMediaEditor.dll (API version 3709383).
LogModuleManager: Display: Found up-to-date module file ../../../Engine/Plugins/Media/AndroidMedia/Binaries/Win64/UE4Editor-AndroidMediaFactory.dll (API version 3709383).
LogModuleManager: Display: Found up-to-date module file ../../../Engine/Plugins/Media/AvfMedia/Binaries/Win64/UE4Editor-AvfMediaEditor.dll (API version 3709383).
LogModuleManager: Display: Found up-to-date module file ../../../Engine/Plugins/Media/AvfMedia/Binaries/Win64/UE4Editor-AvfMediaFactory.dll (API version 3709383).
LogModuleManager: Display: Found up-to-date module file ../../../Engine/Plugins/Media/AvfMedia/Binaries/Win64/UE4Editor-AvfMediaFactory.dll (API version 3709383).
LogModuleManager: Display: Found up-to-date module file ../../../Engine/Plugins/Media/ImgMedia/Binaries/Win64/UE4Editor-ImgMedia.dll (API version 3709383).
LogModuleManager: Display: Found up-to-date module file ../../../Engine/Plugins/Media/ImgMedia/Binaries/Win64/UE4Editor-ImgMediaEditor.dll (API version 3709383).
LogModuleManager: Display: Found up-to-date module file ../../../Engine/Plugins/Media/ImgMedia/Binaries/Win64/UE4Editor-ImgMediaFactory.dll (API version 3709383).
LogModuleManager: Display: Found up-to-date module file ../../../Engine/Plugins/Media/ImgMedia/Binaries/Win64/UE4Editor-ImgMediaFactory.dll (API version 3709383).
LogModuleManager: Display: Found up-to-date module file ../../../Engine/Plugins/Media/ImgMedia/Binaries/Win64/UE4Editor-OpenExrWrapper.dll (API version 3709383).
LogModuleManager: Display: Found up-to-date module file ../../../Engine/Plugins/Media/MediaCompositing/Binaries/Win64/UE4Editor-MediaCompositing.dll (API version 3709383).
LogModuleManager: Display: Found up-to-date module file ../../../Engine/Plugins/Media/MediaCompositing/Binaries/Win64/UE4Editor-MediaCompositingEditor.dll (API version 3709383).
LogModuleManager: Display: Found up-to-date module file ../../../Engine/Plugins/Media/MediaPlayerEditor/Binaries/Win64/UE4Editor-MediaPlayerEditor.dll (API version 3709383).
LogModuleManager: Display: Found up-to-date module file ../../../Engine/Plugins/Media/WmfMedia/Binaries/Win64/UE4Editor-WmfMedia.dll (API version 3709383).
LogModuleManager: Display: Found up-to-date module file ../../../Engine/Plugins/Media/WmfMedia/Binaries/Win64/UE4Editor-WmfMediaEditor.dll (API version 3709383).
LogModuleManager: Display: Found up-to-date module file ../../../Engine/Plugins/Media/WmfMedia/Binaries/Win64/UE4Editor-WmfMediaFactory.dll (API version 3709383).
LogModuleManager: Display: Found up-to-date module file ../../../Engine/Plugins/Media/WmfMedia/Binaries/Win64/UE4Editor-WmfMediaFactory.dll (API version 3709383).
LogModuleManager: Display: Found up-to-date module file ../../../Engine/Plugins/Messaging/TcpMessaging/Binaries/Win64/UE4Editor-TcpMessaging.dll (API version 3709383).
LogModuleManager: Display: Found up-to-date module file ../../../Engine/Plugins/Messaging/UdpMessaging/Binaries/Win64/UE4Editor-UdpMessaging.dll (API version 3709383).
LogModuleManager: Display: Found up-to-date module file ../../../Engine/Plugins/MovieScene/ActorSequence/Binaries/Win64/UE4Editor-ActorSequence.dll (API version 3709383).
LogModuleManager: Display: Found up-to-date module file ../../../Engine/Plugins/MovieScene/LevelSequenceEditor/Binaries/Win64/UE4Editor-LevelSequenceEditor.dll (API version 3709383).
LogModuleManager: Display: Found up-to-date module file ../../../Engine/Plugins/MovieScene/MatineeToLevelSequence/Binaries/Win64/UE4Editor-MatineeToLevelSequence.dll (API version 3709383).
LogModuleManager: Display: Found up-to-date module file ../../../Engine/Plugins/Online/OnlineSubsystem/Binaries/Win64/UE4Editor-OnlineSubsystem.dll (API version 3709383).
LogModuleManager: Display: Found up-to-date module file ../../../Engine/Plugins/Runtime/AndroidPermission/Binaries/Win64/UE4Editor-AndroidPermission.dll (API version 3709383).
LogModuleManager: Display: Found up-to-date module file ../../../Engine/Plugins/Online/OnlineSubsystemNull/Binaries/Win64/UE4Editor-OnlineSubsystemNull.dll (API version 3709383).
LogModuleManager: Display: Found up-to-date module file ../../../Engine/Plugins/Online/OnlineSubsystemUtils/Binaries/Win64/UE4Editor-OnlineSubsystemUtils.dll (API version 3709383).
LogModuleManager: Display: Found up-to-date module file ../../../Engine/Plugins/Online/OnlineSubsystemUtils/Binaries/Win64/UE4Editor-OnlineBlueprintSupport.dll (API version 3709383).
LogModuleManager: Display: Found up-to-date module file ../../../Engine/Plugins/Runtime/AndroidDeviceProfileSelector/Binaries/Win64/UE4Editor-AndroidDeviceProfileSelector.dll (API version 3709383).
LogModuleManager: Display: Found up-to-date module file ../../../Engine/Plugins/Runtime/AppleARKit/Binaries/Win64/UE4Editor-AppleARKit.dll (API version 3709383).
LogModuleManager: Display: Found up-to-date module file ../../../Engine/Plugins/Runtime/ArchVisCharacter/Binaries/Win64/UE4Editor-ArchVisCharacter.dll (API version 3709383).
LogModuleManager: Display: Found up-to-date module file ../../../Engine/Plugins/Runtime/CableComponent/Binaries/Win64/UE4Editor-CableComponent.dll (API version 3709383).
LogModuleManager: Display: Found up-to-date module file ../../../Engine/Plugins/Runtime/CustomMeshComponent/Binaries/Win64/UE4Editor-CustomMeshComponent.dll (API version 3709383).
LogModuleManager: Display: Found up-to-date module file ../../../Engine/Plugins/Runtime/ExampleDeviceProfileSelector/Binaries/Win64/UE4Editor-ExampleDeviceProfileSelector.dll (API version 3709383).
LogModuleManager: Display: Found up-to-date module file ../../../Engine/Plugins/Runtime/ImmediatePhysics/Binaries/Win64/UE4Editor-ImmediatePhysics.dll (API version 3709383).
LogModuleManager: Display: Found up-to-date module file ../../../Engine/Plugins/Runtime/ImmediatePhysics/Binaries/Win64/UE4Editor-ImmediatePhysicsEditor.dll (API version 3709383).
LogModuleManager: Display: Found up-to-date module file ../../../Engine/Plugins/Runtime/LocationServicesBPLibrary/Binaries/Win64/UE4Editor-LocationServicesBPLibrary.dll (API version 3709383).
LogModuleManager: Display: Found up-to-date module file ../../../Engine/Plugins/Runtime/MobilePatchingUtils/Binaries/Win64/UE4Editor-MobilePatchingUtils.dll (API version 3709383).
LogModuleManager: Display: Found up-to-date module file ../../../Engine/Plugins/Runtime/Oculus/OculusVR/Binaries/Win64/UE4Editor-OculusHMD.dll (API version 3709383).
LogModuleManager: Display: Found up-to-date module file ../../../Engine/Plugins/Runtime/Oculus/OculusVR/Binaries/Win64/UE4Editor-OculusInput.dll (API version 3709383).
LogModuleManager: Display: Found up-to-date module file ../../../Engine/Plugins/Runtime/Oculus/OculusVR/Binaries/Win64/UE4Editor-OculusEditor.dll (API version 3709383).
LogModuleManager: Display: Found up-to-date module file ../../../Engine/Plugins/Runtime/PhysXVehicles/Binaries/Win64/UE4Editor-PhysXVehicles.dll (API version 3709383).
LogModuleManager: Display: Found up-to-date module file ../../../Engine/Plugins/Runtime/PhysXVehicles/Binaries/Win64/UE4Editor-PhysXVehiclesEditor.dll (API version 3709383).
LogModuleManager: Display: Found up-to-date module file ../../../Engine/Plugins/Runtime/ProceduralMeshComponent/Binaries/Win64/UE4Editor-ProceduralMeshComponent.dll (API version 3709383).
LogModuleManager: Display: Found up-to-date module file ../../../Engine/Plugins/Runtime/ProceduralMeshComponent/Binaries/Win64/UE4Editor-ProceduralMeshComponentEditor.dll (API version 3709383).
LogModuleManager: Display: Found up-to-date module file ../../../Engine/Plugins/Runtime/RuntimePhysXCooking/Binaries/Win64/UE4Editor-RuntimePhysXCooking.dll (API version 3709383).
LogModuleManager: Display: Found up-to-date module file ../../../Engine/Plugins/Runtime/WindowsMoviePlayer/Binaries/Win64/UE4Editor-WindowsMoviePlayer.dll (API version 3709383).
LogPluginManager: Mounting plugin Paper2D
LogPluginManager: Mounting plugin LightPropagationVolume
LogPluginManager: Mounting plugin CodeLiteSourceCodeAccess
LogPluginManager: Mounting plugin GitSourceControl
LogPluginManager: Mounting plugin KDevelopSourceCodeAccess
LogPluginManager: Mounting plugin NullSourceCodeAccess
LogPluginManager: Mounting plugin PerforceSourceControl
LogPluginManager: Mounting plugin SubversionSourceControl
LogPluginManager: Mounting plugin UObjectPlugin
LogPluginManager: Mounting plugin VisualStudioCodeSourceCodeAccess
LogPluginManager: Mounting plugin VisualStudioSourceCodeAccess
LogPluginManager: Mounting plugin XCodeSourceCodeAccess
LogPluginManager: Mounting plugin AssetManagerEditor
LogPluginManager: Mounting plugin AudioCapture
LogPluginManager: Mounting plugin FacialAnimation
LogPluginManager: Mounting plugin GameplayTagsEditor
LogPluginManager: Mounting plugin MobileLauncherProfileWizard
LogPluginManager: Mounting plugin PluginBrowser
LogPluginManager: Mounting plugin SpeedTreeImporter
LogPluginManager: Mounting plugin AlembicImporter
LogPluginManager: Mounting plugin CharacterAI
LogPluginManager: Mounting plugin HTML5Networking
LogPluginManager: Mounting plugin AndroidMedia
LogPluginManager: Mounting plugin AvfMedia
LogPluginManager: Mounting plugin ImgMedia
LogPluginManager: Mounting plugin MediaCompositing
LogPluginManager: Mounting plugin MediaPlayerEditor
LogPluginManager: Mounting plugin WmfMedia
LogPluginManager: Mounting plugin TcpMessaging
LogPluginManager: Mounting plugin UdpMessaging
LogPluginManager: Mounting plugin ActorSequence
LogPluginManager: Mounting plugin LevelSequenceEditor
LogPluginManager: Mounting plugin MatineeToLevelSequence
LogPluginManager: Mounting plugin OnlineSubsystemGooglePlay
LogPluginManager: Mounting plugin OnlineSubsystemIOS
LogPluginManager: Mounting plugin OnlineSubsystem
LogPluginManager: Mounting plugin OnlineSubsystemNull
LogPluginManager: Mounting plugin OnlineSubsystemUtils
LogPluginManager: Mounting plugin AndroidDeviceProfileSelector
LogPluginManager: Mounting plugin AndroidMoviePlayer
LogPluginManager: Mounting plugin AndroidPermission
LogPluginManager: Mounting plugin AppleARKit
LogPluginManager: Mounting plugin AppleMoviePlayer
LogPluginManager: Mounting plugin ArchVisCharacter
LogPluginManager: Mounting plugin CableComponent
LogPluginManager: Mounting plugin CustomMeshComponent
LogPluginManager: Mounting plugin ExampleDeviceProfileSelector
LogPluginManager: Mounting plugin GoogleCloudMessaging
LogPluginManager: Mounting plugin ImmediatePhysics
LogPluginManager: Mounting plugin IOSDeviceProfileSelector
LogPluginManager: Mounting plugin LinuxDeviceProfileSelector
LogPluginManager: Mounting plugin LocationServicesBPLibrary
LogPluginManager: Mounting plugin MobilePatchingUtils
LogPluginManager: Mounting plugin OculusVR
LogPluginManager: Plugin shader directory ../../../Engine/Plugins/Runtime/Oculus/OculusVR/Shaders found
LogPluginManager: Mapping shader source directory ../../../Engine/Plugins/Runtime/Oculus/OculusVR/Shaders to virtual directory /Plugin/OculusVR
LogPluginManager: Mounting plugin PhysXVehicles
LogPluginManager: Mounting plugin ProceduralMeshComponent
LogPluginManager: Mounting plugin RuntimePhysXCooking
LogPluginManager: Mounting plugin WindowsMoviePlayer
LogInit: Using libcurl 7.47.1
LogInit:  - built for x86_64-pc-win32
LogInit:  - supports SSL with OpenSSL/1.0.2g
LogInit:  - supports HTTP deflate (compression) using libz 1.2.8
LogInit:  - other features:
LogInit:      CURL_VERSION_SSL
LogInit:      CURL_VERSION_LIBZ
LogInit:      CURL_VERSION_IPV6
LogInit:      CURL_VERSION_ASYNCHDNS
LogInit:      CURL_VERSION_LARGEFILE
LogInit:      CURL_VERSION_IDN
LogInit:  CurlRequestOptions (configurable via config and command line):
LogInit:  - bVerifyPeer = false  - Libcurl will NOT verify peer certificate
LogInit:  - bUseHttpProxy = false  - Libcurl will NOT use HTTP proxy
LogInit:  - bDontReuseConnections = false  - Libcurl will reuse connections
LogInit:  - CertBundlePath = nullptr  - Libcurl will use whatever was configured at build time.
LogInit: Build: ++UE4+Release-4.18-CL-3754814
LogInit: Engine Version: 4.18.1-3754814+++UE4+Release-4.18
LogInit: Compatible Engine Version: 4.18.0-3709383+++UE4+Release-4.18
LogInit: Net CL: 3709383
LogDevObjectVersion: Number of dev versions registered: 16
LogDevObjectVersion:   Dev-Blueprints (B0D832E4-1F89-4F0D-ACCF-7EB736FD4AA2): 10
LogDevObjectVersion:   Dev-Build (E1C64328-A22C-4D53-A36C-8E866417BD8C): 0
LogDevObjectVersion:   Dev-Core (375EC13C-06E4-48FB-B500-84F0262A717E): 2
LogDevObjectVersion:   Dev-Editor (E4B068ED-F494-42E9-A231-DA0B2E46BB41): 20
LogDevObjectVersion:   Dev-Framework (CFFC743F-43B0-4480-9391-14DF171D2073): 30
LogDevObjectVersion:   Dev-Mobile (B02B49B5-BB20-44E9-A304-32B752E40360): 0
LogDevObjectVersion:   Dev-Networking (A4E4105C-59A1-49B5-A7C5-40C4547EDFEE): 0
LogDevObjectVersion:   Dev-Online (39C831C9-5AE6-47DC-9A44-9C173E1C8E7C): 0
LogDevObjectVersion:   Dev-Physics (78F01B33-EBEA-4F98-B9B4-84EACCB95AA2): 0
LogDevObjectVersion:   Dev-Platform (6631380F-2D4D-43E0-8009-CF276956A95A): 0
LogDevObjectVersion:   Dev-Rendering (12F88B9F-8875-4AFC-A67C-D90C383ABD29): 20
LogDevObjectVersion:   Dev-Sequencer (7B5AE74C-D270-4C10-A958-57980B212A5A): 4
LogDevObjectVersion:   Dev-VR (D7296918-1DD6-4BDD-9DE2-64A83CC13884): 0
LogDevObjectVersion:   Dev-LoadTimes (C2A15278-BFE7-4AFE-6C17-90FF531DF755): 1
LogDevObjectVersion:   Private-Geometry (6EACA3D4-40EC-4CC1-B786-8BED09428FC5): 1
LogDevObjectVersion:   Dev-AnimPhys (29E575DD-E0A3-4627-9D10-D276232CDCEA): 12
LogInit: Compiled (64-bit): Nov 14 2017 02:05:55
LogInit: Compiled with Visual C++: 19.00.24215.01
LogInit: Build Configuration: Development
LogInit: Branch Name: ++UE4+Release-4.18
LogInit: Command line: 
LogInit: Base directory: C:/Program Files/UE_4.18/UE_4.18/Engine/Binaries/Win64/
LogInit: Installed Engine Build: 1
LogInit: Presizing for max 8388607 objects, including 0 objects not considered by GC, pre-allocating 0 bytes for permanent pool.
LogInit: Object subsystem initialized
[2018.02.23-06.43.16:217][  0]LogInit: Selected Device Profile: [Windows]
[2018.02.23-06.43.16:217][  0]LogInit: Applying CVar settings loaded from the selected device profile: [Windows]
[2018.02.23-06.43.16:223][  0]LogInit: Computer: UPC2807
[2018.02.23-06.43.16:223][  0]LogInit: User: user
[2018.02.23-06.43.16:223][  0]LogInit: CPU Page size=4096, Cores=4
[2018.02.23-06.43.16:223][  0]LogInit: High frequency timer resolution =3.515627 MHz
[2018.02.23-06.43.16:223][  0]LogMemory: Memory total: Physical=15.9GB (16GB approx)
[2018.02.23-06.43.16:223][  0]LogMemory: Platform Memory Stats for Windows
[2018.02.23-06.43.16:223][  0]LogMemory: Process Physical Memory: 271.94 MB used, 271.94 MB peak
[2018.02.23-06.43.16:223][  0]LogMemory: Process Virtual Memory: 269.39 MB used, 269.39 MB peak
[2018.02.23-06.43.16:223][  0]LogMemory: Physical Memory: 7282.99 MB used,  8964.85 MB free, 16247.84 MB total
[2018.02.23-06.43.16:223][  0]LogMemory: Virtual Memory: 640.98 MB used,  8964.85 MB free, 134217728.00 MB total
[2018.02.23-06.43.16:342][  0]LogInit: Overriding language with editor language configuration option (en).
[2018.02.23-06.43.16:342][  0]LogInit: Overriding locale with editor locale configuration option (en).
[2018.02.23-06.43.16:668][  0]LogInit: Setting process to per monitor DPI aware
[2018.02.23-06.43.16:860][  0]LogD3D11RHI: D3D11 adapters:
[2018.02.23-06.43.16:871][  0]LogD3D11RHI:    0. 'AMD Radeon R7 450' (Feature Level 11_0)
[2018.02.23-06.43.16:871][  0]LogD3D11RHI:       4077/0/8123 MB DedicatedVideo/DedicatedSystem/SharedSystem, Outputs:2, VendorId:0x1002
[2018.02.23-06.43.16:881][  0]LogD3D11RHI:    1. 'Intel(R) HD Graphics 630' (Feature Level 11_0)
[2018.02.23-06.43.16:881][  0]LogD3D11RHI:       128/0/8123 MB DedicatedVideo/DedicatedSystem/SharedSystem, Outputs:0, VendorId:0x8086
[2018.02.23-06.43.16:882][  0]LogD3D11RHI:    2. 'Microsoft Basic Render Driver' (Feature Level 11_0)
[2018.02.23-06.43.16:882][  0]LogD3D11RHI:       0/0/8123 MB DedicatedVideo/DedicatedSystem/SharedSystem, Outputs:0, VendorId:0x1414
[2018.02.23-06.43.16:882][  0]LogD3D11RHI: Chosen D3D11 Adapter: 0
[2018.02.23-06.43.16:887][  0]LogD3D11RHI: Creating new Direct3DDevice
[2018.02.23-06.43.16:887][  0]LogD3D11RHI:     GPU DeviceId: 0x682b (for the marketing name, search the web for "GPU Device Id")
[2018.02.23-06.43.16:887][  0]LogWindows: EnumDisplayDevices:
[2018.02.23-06.43.16:887][  0]LogWindows:    0. 'AMD Radeon R7 450' (P:1 D:1)
[2018.02.23-06.43.16:888][  0]LogWindows:    1. 'AMD Radeon R7 450' (P:0 D:1)
[2018.02.23-06.43.16:888][  0]LogWindows:    2. 'AMD Radeon R7 450' (P:0 D:0)
[2018.02.23-06.43.16:889][  0]LogWindows:    3. 'AMD Radeon R7 450' (P:0 D:0)
[2018.02.23-06.43.16:889][  0]LogWindows:    4. 'AMD Radeon R7 450' (P:0 D:0)
[2018.02.23-06.43.16:889][  0]LogWindows:    5. 'AMD Radeon R7 450' (P:0 D:0)
[2018.02.23-06.43.16:890][  0]LogWindows:    6. 'Intel(R) HD Graphics 630' (P:0 D:0)
[2018.02.23-06.43.16:890][  0]LogWindows:    7. 'Intel(R) HD Graphics 630' (P:0 D:0)
[2018.02.23-06.43.16:890][  0]LogWindows:    8. 'Intel(R) HD Graphics 630' (P:0 D:0)
[2018.02.23-06.43.16:890][  0]LogWindows: DebugString: PrimaryIsNotTheChoosenAdapter PrimaryIsNotTheChoosenAdapter PrimaryIsNotTheChoosenAdapter FoundDriverCount:6 
[2018.02.23-06.43.16:890][  0]LogD3D11RHI:     Adapter Name: AMD Radeon R7 450
[2018.02.23-06.43.16:890][  0]LogD3D11RHI:   Driver Version: Crimson ReLive 17.1.1 (internal:22.19.172.258, unified:22.19.172.258)
[2018.02.23-06.43.16:890][  0]LogD3D11RHI:      Driver Date: 6-19-2017
[2018.02.23-06.43.16:890][  0]LogRHI: Texture pool is 2854 MB (70% of 4077 MB)
[2018.02.23-06.43.16:971][  0]LogD3D11RHI: Async texture creation enabled
[2018.02.23-06.43.16:982][  0]LogD3D11RHI: GPU Timing Frequency: 27.000000 (Debug: 2 1)
[2018.02.23-06.43.16:982][  0]LogShaderCompilers: Guid format shader working directory is 19 characters bigger than the processId version (D:/UE/ShootCsGo/ShootCsGo/Intermediate/Shaders/WorkingDirectory/12924/).
[2018.02.23-06.43.16:983][  0]LogShaderCompilers: Cleaned the shader compiler working directory 'C:/Users/user/AppData/Local/Temp/UnrealShaderWorkingDir/D2AF0CBF4321C444AE568BAAC1B928EE/'.
[2018.02.23-06.43.16:983][  0]LogShaderCompilers: Display: Using Local Shader Compiler.
[2018.02.23-06.43.17:794][  0]LogTemp: Display: Loaded TP AllDesktopTargetPlatform
[2018.02.23-06.43.17:835][  0]LogTemp: Display: Loaded TP MacClientTargetPlatform
[2018.02.23-06.43.17:874][  0]LogTemp: Display: Loaded TP MacNoEditorTargetPlatform
[2018.02.23-06.43.17:916][  0]LogTemp: Display: Loaded TP MacServerTargetPlatform
[2018.02.23-06.43.17:958][  0]LogTemp: Display: Loaded TP MacTargetPlatform
[2018.02.23-06.43.17:999][  0]LogTemp: Display: Loaded TP WindowsClientTargetPlatform
[2018.02.23-06.43.18:042][  0]LogTemp: Display: Loaded TP WindowsNoEditorTargetPlatform
[2018.02.23-06.43.18:083][  0]LogTemp: Display: Loaded TP WindowsServerTargetPlatform
[2018.02.23-06.43.18:119][  0]LogTemp: Display: Loaded TP WindowsTargetPlatform
[2018.02.23-06.43.18:158][  0]LogTemp: Display: Loaded TP Android_ASTCTargetPlatform
[2018.02.23-06.43.18:198][  0]LogTemp: Display: Loaded TP Android_ATCTargetPlatform
[2018.02.23-06.43.18:238][  0]LogTemp: Display: Loaded TP Android_DXTTargetPlatform
[2018.02.23-06.43.18:278][  0]LogTemp: Display: Loaded TP Android_ETC1TargetPlatform
[2018.02.23-06.43.18:319][  0]LogTemp: Display: Loaded TP Android_ETC2TargetPlatform
[2018.02.23-06.43.18:400][  0]LogTemp: Display: Loaded TP Android_MultiTargetPlatform
[2018.02.23-06.43.18:400][  0]LogTemp: Display: Loaded TP Android_PVRTCTargetPlatform
[2018.02.23-06.43.18:440][  0]LogTemp: Display: Loaded TP AndroidTargetPlatform
[2018.02.23-06.43.18:471][  0]LogTemp: Display: Loaded TP HTML5TargetPlatform
[2018.02.23-06.43.18:546][  0]LogTemp: Display: Loaded TP IOSTargetPlatform
[2018.02.23-06.43.18:568][  0]LogTemp: Display: Loaded TP TVOSTargetPlatform
[2018.02.23-06.43.18:608][  0]LogTemp: Display: Loaded TP LinuxClientTargetPlatform
[2018.02.23-06.43.18:648][  0]LogTemp: Display: Loaded TP LinuxNoEditorTargetPlatform
[2018.02.23-06.43.18:690][  0]LogTemp: Display: Loaded TP LinuxServerTargetPlatform
[2018.02.23-06.43.18:729][  0]LogTemp: Display: Loaded TP LinuxTargetPlatform
[2018.02.23-06.43.18:729][  0]LogTargetPlatformManager: Display: Building Assets For Windows
[2018.02.23-06.43.19:100][  0]LogDerivedDataCache: Display: Max Cache Size: 512 MB
[2018.02.23-06.43.19:175][  0]LogDerivedDataCache: Loaded boot cache 0.07s 78MB C:/Users/user/AppData/Local/UnrealEngine/4.18/DerivedDataCache/Boot.ddc.
[2018.02.23-06.43.19:175][  0]LogDerivedDataCache: Display: Loaded Boot cache: C:/Users/user/AppData/Local/UnrealEngine/4.18/DerivedDataCache/Boot.ddc
[2018.02.23-06.43.19:175][  0]LogDerivedDataCache: FDerivedDataBackendGraph:  Pak pak cache file D:/UE/ShootCsGo/ShootCsGo/DerivedDataCache/DDC.ddp not found, will not use a pak cache.
[2018.02.23-06.43.19:175][  0]LogDerivedDataCache: Unable to find inner node Pak for hierarchical cache Hierarchy.
[2018.02.23-06.43.19:175][  0]LogDerivedDataCache: FDerivedDataBackendGraph:  CompressedPak pak cache file D:/UE/ShootCsGo/ShootCsGo/DerivedDataCache/Compressed.ddp not found, will not use a pak cache.
[2018.02.23-06.43.19:175][  0]LogDerivedDataCache: Unable to find inner node CompressedPak for hierarchical cache Hierarchy.
[2018.02.23-06.43.19:187][  0]LogDerivedDataCache: Display: Pak cache opened for reading ../../../Engine/DerivedDataCache/Compressed.ddp.
[2018.02.23-06.43.19:199][  0]LogDerivedDataCache: Using Local data cache path C:/Users/user/AppData/Local/UnrealEngine/Common/DerivedDataCache: Writable
[2018.02.23-06.43.19:208][  0]LogMaterial: Verifying Global Shaders for PCD3D_SM5
[2018.02.23-06.43.19:208][  0]LogSlate: Using Freetype 2.6.0
[2018.02.23-06.43.19:209][  0]LogSlate: SlateFontCache - WITH_FREETYPE: 1, WITH_HARFBUZZ: 1
[2018.02.23-06.43.19:209][  0]LogSlate: SlateFontCache - WITH_FREETYPE: 1, WITH_HARFBUZZ: 1
[2018.02.23-06.43.19:477][  0]LogInit: Selected Device Profile: [Windows]
[2018.02.23-06.43.19:740][  0]LogSimplygon: Simplygon DLL not present - disabling.
[2018.02.23-06.43.19:772][  0]LogMeshReduction: Using SimplygonSwarm for distributed automatic mesh merging
[2018.02.23-06.43.19:772][  0]LogMeshReduction: Using QuadricMeshReduction for automatic static mesh reduction
[2018.02.23-06.43.19:772][  0]LogMeshReduction: No automatic skeletal mesh reduction module available
[2018.02.23-06.43.19:772][  0]LogMeshReduction: No automatic mesh merging module available
[2018.02.23-06.43.19:772][  0]LogMeshMerging: No automatic mesh merging module available
[2018.02.23-06.43.19:795][  0]LogNetVersion: ShootCsGo , NetCL: 3709383, EngineNetVer: 2, GameNetVer: 0 (Checksum: 1891351704)
[2018.02.23-06.43.19:926][  0]LogAssetRegistry: FAssetRegistry took 0.0241 seconds to start up
[2018.02.23-06.43.20:304][  0]LogPackageLocalizationCache: Processed 6 localized package path(s) for 1 prioritized culture(s) in 0.016018 seconds
[2018.02.23-06.43.20:308][  0]LogUObjectArray: 35703 objects as part of root set at end of initial load.
[2018.02.23-06.43.20:308][  0]LogUObjectAllocator: 7338024 out of 0 bytes used by permanent object pool.
[2018.02.23-06.43.20:308][  0]LogUObjectArray: CloseDisregardForGC: 0/0 objects in disregard for GC pool
[2018.02.23-06.43.20:352][  0]LogInit: WinSock: version 1.1 (2.2), MaxSocks=32767, MaxUdp=65467
[2018.02.23-06.43.22:481][  0]LogTcpMessaging: Initializing TcpMessaging bridge
[2018.02.23-06.43.22:515][  0]LogUdpMessaging: Initializing bridge on interface 0.0.0.0:0 to multicast group 230.0.0.1:6666.
[2018.02.23-06.43.23:040][  0]LogMaterial: Uniform references updated for custom material expression Custom.
[2018.02.23-06.43.23:368][  0]SourceControl: Source control is disabled
[2018.02.23-06.43.23:368][  0]SourceControl: Source control is disabled
[2018.02.23-06.43.23:409][  0]SourceControl: Source control is disabled
[2018.02.23-06.43.23:449][  0]SourceControl: Source control is disabled
[2018.02.23-06.43.24:063][  0]LogAndroidPermission: UAndroidPermissionCallbackProxy::GetInstance
[2018.02.23-06.43.24:265][  0]LogOcInput: OculusInput pre-init called
[2018.02.23-06.43.24:449][  0]LogEngine: Initializing Engine...
[2018.02.23-06.43.24:632][  0]LogStats: UGameplayTagsManager::ConstructGameplayTagTree: Construct from data asset -  0.000 s
[2018.02.23-06.43.24:632][  0]LogStats: UGameplayTagsManager::ConstructGameplayTagTree: GameplayTagTreeChangedEvent.Broadcast -  0.000 s
[2018.02.23-06.43.24:736][  0]LogAIModule: Creating AISystem for world Untitled
[2018.02.23-06.43.24:745][  0]LogInit: XAudio2 using '扬声器/听筒 (Realtek Audio)' : 2 channels at 48 kHz using 32 bits per sample (channel mask 0x3)
[2018.02.23-06.43.24:815][  0]LogInit: FAudioDevice initialized.
[2018.02.23-06.43.24:889][  0]LogDerivedDataCache: Saved boot cache 0.07s 78MB C:/Users/user/AppData/Local/UnrealEngine/4.18/DerivedDataCache/Boot.ddc.
[2018.02.23-06.43.24:899][  0]LogInit: Texture streaming: Enabled
[2018.02.23-06.43.24:982][  0]LogEngineSessionManager: EngineSessionManager initialized
[2018.02.23-06.43.25:089][  0]LogInit: Transaction tracking system initialized
[2018.02.23-06.43.25:336][  0]BlueprintLog: New page: Editor Load
[2018.02.23-06.43.26:043][  0]LocalizationService: Localization service is disabled
[2018.02.23-06.43.26:618][  0]LogConsoleResponse: Display: 
[2018.02.23-06.43.26:766][  0]LogCook: Display: Max memory allowance for cook 16384mb min free memory 0mb
[2018.02.23-06.43.26:766][  0]LogCook: Display: Mobile HDR setting 1
[2018.02.23-06.43.26:766][  0]LogGameplayTags: Display: UGameplayTagsManager::DoneAddingNativeTags. DelegateIsBound: 0
[2018.02.23-06.43.26:884][  0]LogFileCache: Scanning file cache for directory 'D:/UE/ShootCsGo/ShootCsGo/Content/' took 0.02s
[2018.02.23-06.43.27:686][  0]SourceControl: Source control is disabled
[2018.02.23-06.43.27:686][  0]Cmd: MAP LOAD FILE="D:/UE/ShootCsGo/ShootCsGo/Content/ThirdPersonBP/Maps/ThirdPersonExampleMap.umap" TEMPLATE=0 SHOWPROGRESS=1 FEATURELEVEL=3
[2018.02.23-06.43.27:686][  0]LightingResults: New page: Lighting Build
[2018.02.23-06.43.27:719][  0]MapCheck: New page: Map Check
[2018.02.23-06.43.27:719][  0]LightingResults: New page: Lighting Build
[2018.02.23-06.43.28:540][  0]LogAIModule: Creating AISystem for world ThirdPersonExampleMap
[2018.02.23-06.43.28:547][  0]LogEditorServer: Finished looking for orphan Actors (0.000 secs)
[2018.02.23-06.43.28:559][  0]Cmd: MAP CHECKDEP NOCLEARLOG
[2018.02.23-06.43.28:601][  0]MapCheck: Map check complete: 0 Error(s), 0 Warning(s), took 41.824ms to complete.
[2018.02.23-06.43.28:601][  0]LogFileHelpers: Loading map 'ThirdPersonExampleMap' took 0.915
[2018.02.23-06.43.28:686][  0]LogWindowsTextInputMethodSystem: Display: IME system now activated using TSF (搜狗拼音输入法).
[2018.02.23-06.43.28:721][  0]LogCollectionManager: Loaded 0 collections in 0.001318 seconds
[2018.02.23-06.43.28:793][  0]LogFileCache: Scanning file cache for directory 'D:/UE/ShootCsGo/ShootCsGo/Saved/Collections/' took 0.01s
[2018.02.23-06.43.28:793][  0]LogFileCache: Scanning file cache for directory 'D:/UE/ShootCsGo/ShootCsGo/Content/Developers/user/Collections/' took 0.01s
[2018.02.23-06.43.28:794][  0]LogFileCache: Scanning file cache for directory 'D:/UE/ShootCsGo/ShootCsGo/Content/Collections/' took 0.01s
[2018.02.23-06.43.28:794][  0]LogCollectionManager: Rebuilt the GUID cache for 0 collections in 0.000000 seconds
[2018.02.23-06.43.28:800][  0]LogContentBrowser: Native class hierarchy populated in 0.0066 seconds. Added 2360 classes and 514 folders.
[2018.02.23-06.43.28:852][  0]LogContentBrowser: Native class hierarchy updated for 'WidgetCarousel' in 0.0002 seconds. Added 0 classes and 0 folders.
[2018.02.23-06.43.28:877][  0]LogContentBrowser: Native class hierarchy updated for 'AddContentDialog' in 0.0003 seconds. Added 0 classes and 0 folders.
[2018.02.23-06.43.28:947][  0]LogContentBrowser: Native class hierarchy updated for 'SceneOutliner' in 0.0002 seconds. Added 1 classes and 2 folders.
[2018.02.23-06.43.28:960][  0]LogSlate: Took 0.000135 seconds to synchronously load lazily loaded font '../../../Engine/Content/Slate/Fonts/Roboto-Regular.ttf' (155K)
[2018.02.23-06.43.28:962][  0]LogSlate: Took 0.000108 seconds to synchronously load lazily loaded font '../../../Engine/Content/Slate/Fonts/Roboto-Bold.ttf' (160K)
[2018.02.23-06.43.28:963][  0]LogSlate: Took 0.000089 seconds to synchronously load lazily loaded font '../../../Engine/Content/Editor/Slate/Fonts/FontAwesome.ttf' (139K)
[2018.02.23-06.43.29:046][  0]LogRenderer: Reallocating scene render targets to support 1132x924 Format 10 NumSamples 1 (Frame:1).
[2018.02.23-06.43.29:206][  0]LogContentBrowser: Native class hierarchy updated for 'HierarchicalLODOutliner' in 0.0002 seconds. Added 1 classes and 2 folders.
[2018.02.23-06.43.29:206][  0]LogLoad: (Engine Initialization) Total time: 14.54 seconds
[2018.02.23-06.43.29:206][  0]LogLoad: (Engine Initialization) Total Blueprint compile time: 0.00 seconds
[2018.02.23-06.43.29:206][  0]LogExternalProfiler: No external profilers were discovered.  External profiling features will not be available.
[2018.02.23-06.43.29:237][  0]LogContentStreaming: Texture pool size now 1000 MB
[2018.02.23-06.43.29:251][  0]LogSlate: Took 0.000190 seconds to synchronously load lazily loaded font '../../../Engine/Content/Slate/Fonts/Roboto-Light.ttf' (159K)
[2018.02.23-06.43.29:283][  1]LogAssetRegistry: Asset discovery search completed in 9.3783 seconds
[2018.02.23-06.43.29:285][  1]LogCollectionManager: Rebuilt the object cache for 0 collections in 0.000000 seconds (found 0 objects)
[2018.02.23-06.43.29:285][  1]LogCollectionManager: Fixed up redirectors for 0 collections in 0.000037 seconds (updated 0 objects)
[2018.02.23-06.43.31:755][126]LogTemp: Repeating last play command: Selected Viewport
[2018.02.23-06.43.31:789][126]LogBlueprintUserMessages: Early PlayInEditor Detection: Level '/Game/ThirdPersonBP/Maps/ThirdPersonExampleMap.ThirdPersonExampleMap:PersistentLevel' has LevelScriptBlueprint '/Game/ThirdPersonBP/Maps/ThirdPersonExampleMap.ThirdPersonExampleMap:PersistentLevel.ThirdPersonExampleMap' with GeneratedClass '/Game/ThirdPersonBP/Maps/ThirdPersonExampleMap.ThirdPersonExampleMap_C' with ClassGeneratedBy '/Game/ThirdPersonBP/Maps/ThirdPersonExampleMap.ThirdPersonExampleMap:PersistentLevel.ThirdPersonExampleMap'
[2018.02.23-06.43.31:789][126]LogPlayLevel: PlayLevel: No blueprints needed recompiling
[2018.02.23-06.43.31:789][126]PIE: New page: PIE session: ThirdPersonExampleMap (Feb 23, 2018, 10:43:31 PM)
[2018.02.23-06.43.31:789][126]LogPlayLevel: Creating play world package: /Game/ThirdPersonBP/Maps/UEDPIE_0_ThirdPersonExampleMap
[2018.02.23-06.43.31:818][126]LogPlayLevel: PIE: StaticDuplicateObject took: (0.028617s)
[2018.02.23-06.43.31:819][126]LogAIModule: Creating AISystem for world ThirdPersonExampleMap
[2018.02.23-06.43.31:819][126]LogPlayLevel: PIE: World Init took: (0.000807s)
[2018.02.23-06.43.31:819][126]LogPlayLevel: PIE: Created PIE world by copying editor world from /Game/ThirdPersonBP/Maps/ThirdPersonExampleMap.ThirdPersonExampleMap to /Game/ThirdPersonBP/Maps/UEDPIE_0_ThirdPersonExampleMap.ThirdPersonExampleMap (0.029743s)
[2018.02.23-06.43.31:834][126]LogInit: XAudio2 using '扬声器/听筒 (Realtek Audio)' : 2 channels at 48 kHz using 32 bits per sample (channel mask 0x3)
[2018.02.23-06.43.31:910][126]LogInit: FAudioDevice initialized.
[2018.02.23-06.43.32:019][126]LogBlueprint: Warning: [Compiler ThirdPersonCharacter] InputAction Event references unknown Action 'ResetVR' for  InputAction ResetVR
[2018.02.23-06.43.32:019][126]LogBlueprint: Warning: [Compiler ThirdPersonCharacter] Input Axis Event references unknown Axis 'LookUpRate' for  InputAxis LookUpRate
[2018.02.23-06.43.32:019][126]LogBlueprint: Warning: [Compiler ThirdPersonCharacter] Input Axis Event references unknown Axis 'TurnRate' for  InputAxis TurnRate
[2018.02.23-06.43.32:019][126]LogBlueprint: Warning: [Compiler ThirdPersonCharacter] InputAction Event references unknown Action 'Jump' for  InputAction Jump
[2018.02.23-06.43.32:023][126]LogBlueprint: Warning: [Compiler ThirdPersonCharacter] [0017.35] Compile of ThirdPersonCharacter successful, but with 4 Warning(s) [in 8 ms] (/Game/ThirdPersonBP/Blueprints/ThirdPersonCharacter.ThirdPersonCharacter)
[2018.02.23-06.43.32:070][126]LogLoad: Game class is 'ThirdPersonGameMode_C'
[2018.02.23-06.43.32:073][126]LogWorld: Bringing World /Game/ThirdPersonBP/Maps/UEDPIE_0_ThirdPersonExampleMap.ThirdPersonExampleMap up for play (max tick rate 0) at 2018.02.23-14.43.32
[2018.02.23-06.43.32:074][126]LogWorld: Bringing up level for play took: 0.001317
[2018.02.23-06.43.32:107][126]LogContentBrowser: Native class hierarchy updated for 'MovieSceneCapture' in 0.0003 seconds. Added 11 classes and 0 folders.
[2018.02.23-06.43.32:109][126]PIE: Play in editor start time for /Game/ThirdPersonBP/Maps/UEDPIE_0_ThirdPersonExampleMap -0.039
[2018.02.23-06.43.32:109][126]LogBlueprintUserMessages: Late PlayInEditor Detection: Level '/Game/ThirdPersonBP/Maps/ThirdPersonExampleMap.ThirdPersonExampleMap:PersistentLevel' has LevelScriptBlueprint '/Game/ThirdPersonBP/Maps/ThirdPersonExampleMap.ThirdPersonExampleMap:PersistentLevel.ThirdPersonExampleMap' with GeneratedClass '/Game/ThirdPersonBP/Maps/ThirdPersonExampleMap.ThirdPersonExampleMap_C' with ClassGeneratedBy '/Game/ThirdPersonBP/Maps/ThirdPersonExampleMap.ThirdPersonExampleMap:PersistentLevel.ThirdPersonExampleMap'
[2018.02.23-06.43.37:749][395]LogBlueprintUserMessages: Early EndPlayMap Detection: Level '/Game/ThirdPersonBP/Maps/ThirdPersonExampleMap.ThirdPersonExampleMap:PersistentLevel' has LevelScriptBlueprint '/Game/ThirdPersonBP/Maps/ThirdPersonExampleMap.ThirdPersonExampleMap:PersistentLevel.ThirdPersonExampleMap' with GeneratedClass '/Game/ThirdPersonBP/Maps/ThirdPersonExampleMap.ThirdPersonExampleMap_C' with ClassGeneratedBy '/Game/ThirdPersonBP/Maps/ThirdPersonExampleMap.ThirdPersonExampleMap:PersistentLevel.ThirdPersonExampleMap'
[2018.02.23-06.43.37:798][395]LogBlueprintUserMessages: Late EndPlayMap Detection: Level '/Game/ThirdPersonBP/Maps/ThirdPersonExampleMap.ThirdPersonExampleMap:PersistentLevel' has LevelScriptBlueprint '/Game/ThirdPersonBP/Maps/ThirdPersonExampleMap.ThirdPersonExampleMap:PersistentLevel.ThirdPersonExampleMap' with GeneratedClass '/Game/ThirdPersonBP/Maps/ThirdPersonExampleMap.ThirdPersonExampleMap_C' with ClassGeneratedBy '/Game/ThirdPersonBP/Maps/ThirdPersonExampleMap.ThirdPersonExampleMap:PersistentLevel.ThirdPersonExampleMap'
[2018.02.23-06.44.02:519][566]LogSlate: Took 0.000088 seconds to synchronously load lazily loaded font '../../../Engine/Content/Slate/Fonts/Roboto-Light.ttf' (159K)
[2018.02.23-06.44.02:754][566]LogContentBrowser: Native class hierarchy updated for 'BlueprintGraph' in 0.0004 seconds. Added 116 classes and 0 folders.
[2018.02.23-06.44.03:264][566]LogSlate: Took 0.000081 seconds to synchronously load lazily loaded font '../../../Engine/Content/Slate/Fonts/Roboto-Regular.ttf' (155K)
[2018.02.23-06.44.03:389][566]LogSlate: Took 0.000165 seconds to synchronously load lazily loaded font '../../../Engine/Content/Editor/Slate/Fonts/Roboto-BoldCondensed.ttf' (158K)
[2018.02.23-06.44.17:798][282]LogRenderer: Reallocating scene render targets to support 1144x924 Format 10 NumSamples 1 (Frame:1).
[2018.02.23-06.44.23:323][816]LogSlate: Took 0.000138 seconds to synchronously load lazily loaded font '../../../Engine/Content/Editor/Slate/Fonts/Roboto-Italic.ttf' (157K)
[2018.02.23-06.44.32:187][174]LogContentBrowser: Native class hierarchy updated for 'SkeletonEditor' in 0.0003 seconds. Added 1 classes and 2 folders.
[2018.02.23-06.44.32:395][174]LogActorComponent: RegisterComponentWithWorld: (/Engine/Transient.World_14:PersistentLevel.Actor_0.DebugSkelMeshComponent_0) Already registered. Aborting.
[2018.02.23-06.44.32:822][174]LogContentBrowser: Native class hierarchy updated for 'ClothingSystemEditorInterface' in 0.0002 seconds. Added 1 classes and 0 folders.
[2018.02.23-06.44.32:848][174]LogContentBrowser: Verbose: The majority of assets in the view are of type: AnimSequence
[2018.02.23-06.44.34:669][348]LogActorComponent: RegisterComponentWithWorld: (/Engine/Transient.World_16:PersistentLevel.Actor_1.DebugSkelMeshComponent_2) Already registered. Aborting.
[2018.02.23-06.45.01:408][525]LogWindowsTextInputMethodSystem: Display: IME system now activated using TSF (搜狗拼音输入法).
[2018.02.23-06.45.01:579][526]Cmd: QUIT_EDITOR
[2018.02.23-06.45.01:799][526]LogExit: Preparing to exit.
[2018.02.23-06.45.02:614][526]LogExit: Editor shut down
[2018.02.23-06.45.02:616][526]LogExit: Transaction tracking system shut down
[2018.02.23-06.45.02:834][526]LogDirectoryWatcher: A directory notification for '../../../Engine/Content/' was aborted.
[2018.02.23-06.45.02:834][526]LogDirectoryWatcher: A directory notification for 'D:/UE/ShootCsGo/ShootCsGo/Content/' was aborted.
[2018.02.23-06.45.02:834][526]LogDirectoryWatcher: A directory notification for '../../../Engine/Plugins/2D/Paper2D/Content/' was aborted.
[2018.02.23-06.45.02:834][526]LogDirectoryWatcher: A directory notification for '../../../Engine/Plugins/Media/MediaCompositing/Content/' was aborted.
[2018.02.23-06.45.02:834][526]LogDirectoryWatcher: A directory notification for '../../../Engine/Plugins/Runtime/AppleARKit/Content/' was aborted.
[2018.02.23-06.45.02:835][526]LogDirectoryWatcher: A directory notification for '../../../Engine/Plugins/Runtime/Oculus/OculusVR/Content/' was aborted.
[2018.02.23-06.45.02:905][526]LogExit: Object subsystem successfully closed.
[2018.02.23-06.45.02:927][526]LogD3D11RHI: Shutdown
[2018.02.23-06.45.02:927][526]LogD3D11RHI: CleanupD3DDevice
[2018.02.23-06.45.02:929][526]LogD3D11RHI: ~FD3D11DynamicRHI
[2018.02.23-06.45.02:942][526]LogModuleManager: Shutting down and abandoning module ClothingSystemEditorInterface (554)
[2018.02.23-06.45.02:942][526]LogModuleManager: Shutting down and abandoning module SkeletonEditor (552)
[2018.02.23-06.45.02:942][526]LogModuleManager: Shutting down and abandoning module AnimationBlueprintEditor (550)
[2018.02.23-06.45.02:942][526]LogModuleManager: Shutting down and abandoning module BlueprintGraph (548)
[2018.02.23-06.45.02:942][526]LogModuleManager: Shutting down and abandoning module MovieSceneCapture (546)
[2018.02.23-06.45.02:942][526]LogModuleManager: Shutting down and abandoning module HierarchicalLODOutliner (544)
[2018.02.23-06.45.02:942][526]LogModuleManager: Shutting down and abandoning module SceneOutliner (542)
[2018.02.23-06.45.02:942][526]LogModuleManager: Shutting down and abandoning module AddContentDialog (540)
[2018.02.23-06.45.02:943][526]LogDirectoryWatcher: A directory notification for 'C:/Program Files/UE_4.18/UE_4.18/FeaturePacks/' was aborted.
[2018.02.23-06.45.02:943][526]LogModuleManager: Shutting down and abandoning module WidgetCarousel (539)
[2018.02.23-06.45.02:943][526]LogModuleManager: Shutting down and abandoning module EditorWidgets (536)
[2018.02.23-06.45.02:943][526]LogModuleManager: Shutting down and abandoning module CollectionManager (534)
[2018.02.23-06.45.02:944][526]LogDirectoryWatcher: A directory notification for 'D:/UE/ShootCsGo/ShootCsGo/Content/Collections/' was aborted.
[2018.02.23-06.45.02:944][526]LogDirectoryWatcher: A directory notification for 'D:/UE/ShootCsGo/ShootCsGo/Content/Developers/user/Collections/' was aborted.
[2018.02.23-06.45.02:944][526]LogDirectoryWatcher: A directory notification for 'D:/UE/ShootCsGo/ShootCsGo/Saved/Collections/' was aborted.
[2018.02.23-06.45.02:944][526]LogModuleManager: Shutting down and abandoning module StatsViewer (532)
[2018.02.23-06.45.02:944][526]LogModuleManager: Shutting down and abandoning module FoliageEdit (530)
[2018.02.23-06.45.02:944][526]LogModuleManager: Shutting down and abandoning module LandscapeEditor (528)
[2018.02.23-06.45.02:944][526]LogModuleManager: Shutting down and abandoning module MeshPaintMode (526)
[2018.02.23-06.45.02:944][526]LogModuleManager: Shutting down and abandoning module SceneDepthPickerMode (524)
[2018.02.23-06.45.02:944][526]LogModuleManager: Shutting down and abandoning module ActorPickerMode (522)
[2018.02.23-06.45.02:944][526]LogModuleManager: Shutting down and abandoning module GeometryMode (520)
[2018.02.23-06.45.02:944][526]LogModuleManager: Shutting down and abandoning module TextureAlignMode (518)
[2018.02.23-06.45.02:944][526]LogModuleManager: Shutting down and abandoning module BspMode (516)
[2018.02.23-06.45.02:944][526]LogModuleManager: Shutting down and abandoning module PIEPreviewDeviceProfileSelector (514)
[2018.02.23-06.45.02:944][526]LogModuleManager: Shutting down and abandoning module HardwareSurvey (512)
[2018.02.23-06.45.02:944][526]LogModuleManager: Shutting down and abandoning module SequenceRecorderSections (510)
[2018.02.23-06.45.02:944][526]LogModuleManager: Shutting down and abandoning module AutomationWorker (508)
[2018.02.23-06.45.02:944][526]LogModuleManager: Shutting down and abandoning module MatineeToLevelSequence (506)
[2018.02.23-06.45.02:944][526]LogModuleManager: Shutting down and abandoning module LevelSequenceEditor (504)
[2018.02.23-06.45.02:944][526]LogModuleManager: Shutting down and abandoning module PlacementMode (503)
[2018.02.23-06.45.02:944][526]LogModuleManager: Shutting down and abandoning module WmfMediaFactory (500)
[2018.02.23-06.45.02:944][526]LogModuleManager: Shutting down and abandoning module WmfMediaEditor (498)
[2018.02.23-06.45.02:944][526]LogModuleManager: Shutting down and abandoning module OpenExrWrapper (496)
[2018.02.23-06.45.02:944][526]LogModuleManager: Shutting down and abandoning module ImgMediaFactory (494)
[2018.02.23-06.45.02:944][526]LogModuleManager: Shutting down and abandoning module ImgMediaEditor (492)
[2018.02.23-06.45.02:944][526]LogModuleManager: Shutting down and abandoning module AvfMediaFactory (490)
[2018.02.23-06.45.02:944][526]LogModuleManager: Shutting down and abandoning module AvfMediaEditor (488)
[2018.02.23-06.45.02:944][526]LogModuleManager: Shutting down and abandoning module AndroidMediaFactory (486)
[2018.02.23-06.45.02:944][526]LogModuleManager: Shutting down and abandoning module AndroidMediaEditor (484)
[2018.02.23-06.45.02:944][526]LogModuleManager: Shutting down and abandoning module CharacterAI (482)
[2018.02.23-06.45.02:944][526]LogModuleManager: Shutting down and abandoning module AudioCapture (480)
[2018.02.23-06.45.02:944][526]LogModuleManager: Shutting down and abandoning module SequenceRecorder (479)
[2018.02.23-06.45.02:944][526]LogModuleManager: Shutting down and abandoning module SmartSnapping (476)
[2018.02.23-06.45.02:944][526]LogModuleManager: Shutting down and abandoning module SessionServices (474)
[2018.02.23-06.45.02:944][526]LogModuleManager: Shutting down and abandoning module ViewportSnapping (472)
[2018.02.23-06.45.02:944][526]LogModuleManager: Shutting down and abandoning module ViewportInteraction (470)
[2018.02.23-06.45.02:944][526]LogModuleManager: Shutting down and abandoning module ClothPainter (468)
[2018.02.23-06.45.02:944][526]LogModuleManager: Shutting down and abandoning module SkeletalMeshEditor (467)
[2018.02.23-06.45.02:944][526]LogModuleManager: Shutting down and abandoning module LogVisualizer (464)
[2018.02.23-06.45.02:944][526]LogModuleManager: Shutting down and abandoning module IntroTutorials (462)
[2018.02.23-06.45.02:944][526]LogModuleManager: Shutting down and abandoning module GameProjectGeneration (461)
[2018.02.23-06.45.02:944][526]LogModuleManager: Shutting down and abandoning module IOSPlatformEditor (458)
[2018.02.23-06.45.02:944][526]LogModuleManager: Shutting down and abandoning module HTML5PlatformEditor (456)
[2018.02.23-06.45.02:944][526]LogModuleManager: Shutting down and abandoning module AndroidPlatformEditor (454)
[2018.02.23-06.45.02:944][526]LogModuleManager: Shutting down and abandoning module AndroidDeviceDetection (453)
[2018.02.23-06.45.03:369][526]LogModuleManager: Shutting down and abandoning module WindowsPlatformEditor (450)
[2018.02.23-06.45.03:369][526]LogModuleManager: Shutting down and abandoning module IOSRuntimeSettings (448)
[2018.02.23-06.45.03:369][526]LogModuleManager: Shutting down and abandoning module AndroidRuntimeSettings (446)
[2018.02.23-06.45.03:369][526]LogModuleManager: Shutting down and abandoning module InputBindingEditor (444)
[2018.02.23-06.45.03:369][526]LogModuleManager: Shutting down and abandoning module MergeActors (442)
[2018.02.23-06.45.03:369][526]LogModuleManager: Shutting down and abandoning module SizeMap (440)
[2018.02.23-06.45.03:369][526]LogModuleManager: Shutting down and abandoning module TreeMap (438)
[2018.02.23-06.45.03:369][526]LogModuleManager: Shutting down and abandoning module ReferenceViewer (436)
[2018.02.23-06.45.03:369][526]LogModuleManager: Shutting down and abandoning module LocalizationDashboard (434)
[2018.02.23-06.45.03:369][526]LogModuleManager: Shutting down and abandoning module LocalizationService (433)
[2018.02.23-06.45.03:369][526]LogModuleManager: Shutting down and abandoning module HardwareTargeting (430)
[2018.02.23-06.45.03:369][526]LogModuleManager: Shutting down and abandoning module DeviceProfileEditor (428)
[2018.02.23-06.45.03:369][526]LogModuleManager: Shutting down and abandoning module UndoHistory (426)
[2018.02.23-06.45.03:369][526]LogModuleManager: Shutting down and abandoning module XmlParser (424)
[2018.02.23-06.45.03:369][526]LogModuleManager: Shutting down and abandoning module Blutility (422)
[2018.02.23-06.45.03:369][526]LogModuleManager: Shutting down and abandoning module ProjectSettingsViewer (420)
[2018.02.23-06.45.03:369][526]LogModuleManager: Shutting down and abandoning module ProjectTargetPlatformEditor (419)
[2018.02.23-06.45.03:369][526]LogModuleManager: Shutting down and abandoning module EditorSettingsViewer (416)
[2018.02.23-06.45.03:369][526]LogModuleManager: Shutting down and abandoning module SettingsEditor (414)
[2018.02.23-06.45.03:370][526]LogModuleManager: Shutting down and abandoning module ProjectLauncher (412)
[2018.02.23-06.45.03:370][526]LogModuleManager: Shutting down and abandoning module SessionFrontend (410)
[2018.02.23-06.45.03:370][526]LogModuleManager: Shutting down and abandoning module ProfilerClient (408)
[2018.02.23-06.45.03:370][526]LogModuleManager: Shutting down and abandoning module DeviceManager (406)
[2018.02.23-06.45.03:370][526]LogModuleManager: Shutting down and abandoning module TargetDeviceServices (405)
[2018.02.23-06.45.03:422][526]LogModuleManager: Shutting down and abandoning module AutomationController (402)
[2018.02.23-06.45.03:422][526]LogModuleManager: Shutting down and abandoning module AutomationWindow (400)
[2018.02.23-06.45.03:422][526]LogModuleManager: Shutting down and abandoning module Layers (398)
[2018.02.23-06.45.03:422][526]LogModuleManager: Shutting down and abandoning module ComponentVisualizers (396)
[2018.02.23-06.45.03:422][526]LogModuleManager: Shutting down and abandoning module DetailCustomizations (394)
[2018.02.23-06.45.03:422][526]LogModuleManager: Shutting down and abandoning module PackagesDialog (392)
[2018.02.23-06.45.03:422][526]LogModuleManager: Shutting down and abandoning module Persona (390)
[2018.02.23-06.45.03:422][526]LogModuleManager: Shutting down and abandoning module AdvancedPreviewScene (389)
[2018.02.23-06.45.03:422][526]LogModuleManager: Shutting down and abandoning module AnimGraph (387)
[2018.02.23-06.45.03:422][526]LogModuleManager: Shutting down and abandoning module Kismet (384)
[2018.02.23-06.45.03:428][526]LogModuleManager: Shutting down and abandoning module ClassViewer (382)
[2018.02.23-06.45.03:428][526]LogModuleManager: Shutting down and abandoning module Toolbox (380)
[2018.02.23-06.45.03:428][526]LogModuleManager: Shutting down and abandoning module ModuleUI (378)
[2018.02.23-06.45.03:428][526]LogModuleManager: Shutting down and abandoning module MovieSceneTools (376)
[2018.02.23-06.45.03:428][526]LogModuleManager: Shutting down and abandoning module OutputLog (374)
[2018.02.23-06.45.03:428][526]LogModuleManager: Shutting down and abandoning module GammaUI (372)
[2018.02.23-06.45.03:428][526]LogModuleManager: Shutting down and abandoning module Documentation (370)
[2018.02.23-06.45.03:428][526]LogModuleManager: Shutting down and abandoning module MovieSceneTracks (368)
[2018.02.23-06.45.03:428][526]LogModuleManager: Shutting down and abandoning module MovieScene (366)
[2018.02.23-06.45.03:428][526]LogModuleManager: Shutting down and abandoning module StreamingPauseRendering (364)
[2018.02.23-06.45.03:428][526]LogModuleManager: Shutting down and abandoning module LauncherPlatform (362)
[2018.02.23-06.45.03:428][526]LogModuleManager: Shutting down and abandoning module AnalyticsET (360)
[2018.02.23-06.45.03:428][526]LogModuleManager: Shutting down and abandoning module PortalServices (358)
[2018.02.23-06.45.03:428][526]LogModuleManager: Shutting down and abandoning module PortalRpc (356)
[2018.02.23-06.45.03:428][526]LogModuleManager: Shutting down and abandoning module MessagingRpc (354)
[2018.02.23-06.45.03:428][526]LogModuleManager: Shutting down and abandoning module AIModule (352)
[2018.02.23-06.45.03:428][526]LogModuleManager: Shutting down and abandoning module GameplayDebugger (351)
[2018.02.23-06.45.03:428][526]LogModuleManager: Shutting down and abandoning module AITestSuite (349)
[2018.02.23-06.45.03:428][526]LogModuleManager: Shutting down and abandoning module DesktopPlatform (346)
[2018.02.23-06.45.03:428][526]LogModuleManager: Shutting down and abandoning module ProfilerService (344)
[2018.02.23-06.45.03:516][526]LogModuleManager: Shutting down and abandoning module TaskGraph (342)
[2018.02.23-06.45.03:516][526]LogModuleManager: Shutting down and abandoning module ProceduralMeshComponentEditor (340)
[2018.02.23-06.45.03:516][526]LogModuleManager: Shutting down and abandoning module ProceduralMeshComponent (338)
[2018.02.23-06.45.03:516][526]LogModuleManager: Shutting down and abandoning module OculusInput (336)
[2018.02.23-06.45.03:516][526]LogModuleManager: Shutting down and abandoning module MobilePatchingUtils (334)
[2018.02.23-06.45.03:516][526]LogModuleManager: Shutting down and abandoning module CustomMeshComponent (332)
[2018.02.23-06.45.03:516][526]LogModuleManager: Shutting down and abandoning module CableComponent (330)
[2018.02.23-06.45.03:516][526]LogModuleManager: Shutting down and abandoning module ArchVisCharacter (328)
[2018.02.23-06.45.03:516][526]LogModuleManager: Shutting down and abandoning module AndroidPermission (326)
[2018.02.23-06.45.03:516][526]LogModuleManager: Shutting down and abandoning module ActorSequence (322)
[2018.02.23-06.45.03:516][526]LogModuleManager: Shutting down and abandoning module MediaPlayerEditor (320)
[2018.02.23-06.45.03:516][526]LogModuleManager: Shutting down and abandoning module MediaCompositingEditor (318)
[2018.02.23-06.45.03:516][526]LogModuleManager: Shutting down and abandoning module MediaCompositing (316)
[2018.02.23-06.45.03:516][526]LogModuleManager: Shutting down and abandoning module HTML5Networking (314)
[2018.02.23-06.45.03:516][526]LogModuleManager: Shutting down and abandoning module AlembicImporter (312)
[2018.02.23-06.45.03:516][526]LogModuleManager: Shutting down and abandoning module AlembicLibrary (311)
[2018.02.23-06.45.03:516][526]LogModuleManager: Shutting down and abandoning module GeometryCache (310)
[2018.02.23-06.45.03:516][526]LogModuleManager: Shutting down and abandoning module GeometryCacheEd (309)
[2018.02.23-06.45.03:516][526]LogModuleManager: Shutting down and abandoning module SpeedTreeImporter (304)
[2018.02.23-06.45.03:516][526]LogModuleManager: Shutting down and abandoning module PluginBrowser (302)
[2018.02.23-06.45.03:517][526]LogModuleManager: Shutting down and abandoning module MobileLauncherProfileWizard (300)
[2018.02.23-06.45.03:517][526]LogModuleManager: Shutting down and abandoning module VisualStudioSourceCodeAccess (298)
[2018.02.23-06.45.03:517][526]LogModuleManager: Shutting down and abandoning module VisualStudioCodeSourceCodeAccess (296)
[2018.02.23-06.45.03:517][526]LogModuleManager: Shutting down and abandoning module UObjectPlugin (294)
[2018.02.23-06.45.03:517][526]LogModuleManager: Shutting down and abandoning module SubversionSourceControl (292)
[2018.02.23-06.45.03:517][526]LogModuleManager: Shutting down and abandoning module PerforceSourceControl (290)
[2018.02.23-06.45.03:517][526]LogModuleManager: Shutting down and abandoning module GitSourceControl (288)
[2018.02.23-06.45.03:517][526]LogModuleManager: Shutting down and abandoning module SourceControl (287)
[2018.02.23-06.45.03:517][526]LogModuleManager: Shutting down and abandoning module LightPropagationVolumeEditor (284)
[2018.02.23-06.45.03:517][526]LogModuleManager: Shutting down and abandoning module PaperTiledImporter (282)
[2018.02.23-06.45.03:517][526]LogModuleManager: Shutting down and abandoning module PaperSpriteSheetImporter (280)
[2018.02.23-06.45.03:517][526]LogModuleManager: Shutting down and abandoning module Paper2DEditor (278)
[2018.02.23-06.45.03:517][526]LogModuleManager: Shutting down and abandoning module MeshPaint (277)
[2018.02.23-06.45.03:517][526]LogModuleManager: Shutting down and abandoning module LevelEditor (275)
[2018.02.23-06.45.03:518][526]LogModuleManager: Shutting down and abandoning module PixelInspectorModule (274)
[2018.02.23-06.45.03:518][526]LogModuleManager: Shutting down and abandoning module MainFrame (272)
[2018.02.23-06.45.03:518][526]LogModuleManager: Shutting down and abandoning module HotReload (271)
[2018.02.23-06.45.03:518][526]LogModuleManager: Shutting down and abandoning module RuntimePhysXCooking (266)
[2018.02.23-06.45.03:518][526]LogModuleManager: Shutting down and abandoning module PhysXVehiclesEditor (264)
[2018.02.23-06.45.03:518][526]LogModuleManager: Shutting down and abandoning module PhysXVehicles (262)
[2018.02.23-06.45.03:518][526]LogModuleManager: Shutting down and abandoning module OculusEditor (260)
[2018.02.23-06.45.03:518][526]LogModuleManager: Shutting down and abandoning module LocationServicesBPLibrary (258)
[2018.02.23-06.45.03:518][526]LogModuleManager: Shutting down and abandoning module ImmediatePhysicsEditor (256)
[2018.02.23-06.45.03:518][526]LogModuleManager: Shutting down and abandoning module ImmediatePhysics (254)
[2018.02.23-06.45.03:518][526]LogModuleManager: Shutting down and abandoning module UdpMessaging (252)
[2018.02.23-06.45.03:619][526]LogModuleManager: Shutting down and abandoning module TcpMessaging (250)
[2018.02.23-06.45.03:719][526]LogModuleManager: Shutting down and abandoning module GameplayTagsEditor (248)
[2018.02.23-06.45.03:719][526]LogModuleManager: Shutting down and abandoning module FacialAnimationEditor (246)
[2018.02.23-06.45.03:719][526]LogModuleManager: Shutting down and abandoning module FacialAnimation (244)
[2018.02.23-06.45.03:719][526]LogModuleManager: Shutting down and abandoning module AssetManagerEditor (242)
[2018.02.23-06.45.03:719][526]LogModuleManager: Shutting down and abandoning module GraphEditor (241)
[2018.02.23-06.45.03:719][526]LogModuleManager: Shutting down and abandoning module ContentBrowser (239)
[2018.02.23-06.45.03:720][526]LogModuleManager: Shutting down and abandoning module LightPropagationVolumeRuntime (236)
[2018.02.23-06.45.03:720][526]LogModuleManager: Shutting down and abandoning module Paper2D (234)
[2018.02.23-06.45.03:720][526]LogModuleManager: Shutting down and abandoning module WindowsMoviePlayer (232)
[2018.02.23-06.45.03:720][526]LogModuleManager: Shutting down and abandoning module WmfMedia (230)
[2018.02.23-06.45.03:720][526]LogModuleManager: Shutting down and abandoning module ImgMedia (228)
[2018.02.23-06.45.03:720][526]LogModuleManager: Shutting down and abandoning module PacketHandler (226)
[2018.02.23-06.45.03:720][526]LogModuleManager: Shutting down and abandoning module ClothingSystemEditor (224)
[2018.02.23-06.45.03:720][526]LogModuleManager: Shutting down and abandoning module ClothingSystemRuntime (222)
[2018.02.23-06.45.03:720][526]LogModuleManager: Shutting down and abandoning module MediaAssets (220)
[2018.02.23-06.45.03:720][526]LogModuleManager: Shutting down and abandoning module Media (219)
[2018.02.23-06.45.03:726][526]LogModuleManager: Shutting down and abandoning module Overlay (216)
[2018.02.23-06.45.03:726][526]LogModuleManager: Shutting down and abandoning module OverlayEditor (215)
[2018.02.23-06.45.03:726][526]LogModuleManager: Shutting down and abandoning module VREditor (212)
[2018.02.23-06.45.03:726][526]LogModuleManager: Shutting down and abandoning module StringTableEditor (210)
[2018.02.23-06.45.03:726][526]LogModuleManager: Shutting down and abandoning module GameplayTasksEditor (208)
[2018.02.23-06.45.03:726][526]LogModuleManager: Shutting down and abandoning module BehaviorTreeEditor (206)
[2018.02.23-06.45.03:726][526]LogModuleManager: Shutting down and abandoning module FunctionalTesting (204)
[2018.02.23-06.45.03:726][526]LogModuleManager: Shutting down and abandoning module CollisionAnalyzer (202)
[2018.02.23-06.45.03:726][526]LogModuleManager: Shutting down and abandoning module WorkspaceMenuStructure (201)
[2018.02.23-06.45.03:727][526]LogModuleManager: Shutting down and abandoning module UMG (198)
[2018.02.23-06.45.03:727][526]LogModuleManager: Shutting down and abandoning module UMGEditor (197)
[2018.02.23-06.45.03:727][526]LogModuleManager: Shutting down and abandoning module Sequencer (196)
[2018.02.23-06.45.03:727][526]LogModuleManager: Shutting down and abandoning module MessageLog (193)
[2018.02.23-06.45.03:727][526]LogModuleManager: Shutting down and abandoning module SlateReflector (188)
[2018.02.23-06.45.03:727][526]LogModuleManager: Shutting down and abandoning module Slate (186)
[2018.02.23-06.45.03:727][526]LogModuleManager: Shutting down and abandoning module EditorStyle (184)
[2018.02.23-06.45.03:729][526]LogModuleManager: Shutting down and abandoning module MRMesh (182)
[2018.02.23-06.45.03:729][526]LogModuleManager: Shutting down and abandoning module SourceCodeAccess (180)
[2018.02.23-06.45.03:729][526]LogModuleManager: Shutting down and abandoning module HeadMountedDisplay (178)
[2018.02.23-06.45.03:729][526]LogModuleManager: Shutting down and abandoning module XAudio2 (176)
[2018.02.23-06.45.03:729][526]LogModuleManager: Shutting down and abandoning module Networking (174)
[2018.02.23-06.45.03:729][526]LogModuleManager: Shutting down and abandoning module Core (170)
[2018.02.23-06.45.03:729][526]LogModuleManager: Shutting down and abandoning module LevelSequence (166)
[2018.02.23-06.45.03:729][526]LogModuleManager: Shutting down and abandoning module DirectoryWatcher (164)
[2018.02.23-06.45.03:729][526]LogModuleManager: Shutting down and abandoning module KismetCompiler (162)
[2018.02.23-06.45.03:729][526]LogModuleManager: Shutting down and abandoning module MeshUtilities (160)
[2018.02.23-06.45.03:729][526]LogModuleManager: Shutting down and abandoning module MeshMergeUtilities (159)
[2018.02.23-06.45.03:729][526]LogModuleManager: Shutting down and abandoning module MeshReductionInterface (158)
[2018.02.23-06.45.03:729][526]LogModuleManager: Shutting down and abandoning module SimplygonSwarm (157)
[2018.02.23-06.45.03:729][526]LogModuleManager: Shutting down and abandoning module SimplygonMeshReduction (155)
[2018.02.23-06.45.03:729][526]LogModuleManager: Shutting down and abandoning module QuadricMeshReduction (153)
[2018.02.23-06.45.03:729][526]LogModuleManager: Shutting down and abandoning module MaterialBaking (149)
[2018.02.23-06.45.03:730][526]LogModuleManager: Shutting down and abandoning module DerivedDataCache (146)
[2018.02.23-06.45.03:765][526]LogDerivedDataCache: Shutdown
[2018.02.23-06.45.03:765][526]LogModuleManager: Shutting down and abandoning module TargetPlatform (144)
[2018.02.23-06.45.03:765][526]LogModuleManager: Shutting down and abandoning module VulkanShaderFormat (143)
[2018.02.23-06.45.03:765][526]LogModuleManager: Shutting down and abandoning module ShaderFormatVectorVM (141)
[2018.02.23-06.45.03:765][526]LogModuleManager: Shutting down and abandoning module ShaderFormatOpenGL (139)
[2018.02.23-06.45.03:765][526]LogModuleManager: Shutting down and abandoning module ShaderFormatD3D (137)
[2018.02.23-06.45.03:765][526]LogModuleManager: Shutting down and abandoning module MetalShaderFormat (135)
[2018.02.23-06.45.03:765][526]LogModuleManager: Shutting down and abandoning module TextureFormatUncompressed (133)
[2018.02.23-06.45.03:765][526]LogModuleManager: Shutting down and abandoning module TextureFormatPVR (131)
[2018.02.23-06.45.03:765][526]LogModuleManager: Shutting down and abandoning module TextureFormatDXT (129)
[2018.02.23-06.45.03:765][526]LogModuleManager: Shutting down and abandoning module TextureFormatIntelISPCTexComp (127)
[2018.02.23-06.45.03:766][526]LogModuleManager: Shutting down and abandoning module TextureFormatASTC (125)
[2018.02.23-06.45.03:766][526]LogModuleManager: Shutting down and abandoning module ImageWrapper (124)
[2018.02.23-06.45.03:766][526]LogModuleManager: Shutting down and abandoning module TextureFormatAndroid (121)
[2018.02.23-06.45.03:766][526]LogModuleManager: Shutting down and abandoning module AudioFormatOpus (119)
[2018.02.23-06.45.03:766][526]LogModuleManager: Shutting down and abandoning module AudioFormatOgg (117)
[2018.02.23-06.45.03:766][526]LogModuleManager: Shutting down and abandoning module AudioFormatADPCM (115)
[2018.02.23-06.45.03:766][526]LogModuleManager: Shutting down and abandoning module LinuxTargetPlatform (113)
[2018.02.23-06.45.03:766][526]LogModuleManager: Shutting down and abandoning module LinuxServerTargetPlatform (111)
[2018.02.23-06.45.03:766][526]LogModuleManager: Shutting down and abandoning module LinuxNoEditorTargetPlatform (109)
[2018.02.23-06.45.03:766][526]LogModuleManager: Shutting down and abandoning module LinuxClientTargetPlatform (107)
[2018.02.23-06.45.03:766][526]LogModuleManager: Shutting down and abandoning module TVOSTargetPlatform (105)
[2018.02.23-06.45.03:766][526]LogModuleManager: Shutting down and abandoning module Messaging (103)
[2018.02.23-06.45.03:766][526]LogModuleManager: Shutting down and abandoning module IOSTargetPlatform (101)
[2018.02.23-06.45.03:766][526]LogModuleManager: Shutting down and abandoning module HTML5TargetPlatform (99)
[2018.02.23-06.45.03:766][526]LogModuleManager: Shutting down and abandoning module AndroidTargetPlatform (97)
[2018.02.23-06.45.03:766][526]LogModuleManager: Shutting down and abandoning module Android_PVRTCTargetPlatform (95)
[2018.02.23-06.45.03:766][526]LogModuleManager: Shutting down and abandoning module Android_MultiTargetPlatform (93)
[2018.02.23-06.45.03:766][526]LogModuleManager: Shutting down and abandoning module Android_ETC2TargetPlatform (91)
[2018.02.23-06.45.03:766][526]LogModuleManager: Shutting down and abandoning module Android_ETC1TargetPlatform (89)
[2018.02.23-06.45.03:766][526]LogModuleManager: Shutting down and abandoning module Android_DXTTargetPlatform (87)
[2018.02.23-06.45.03:766][526]LogModuleManager: Shutting down and abandoning module Android_ATCTargetPlatform (85)
[2018.02.23-06.45.03:766][526]LogModuleManager: Shutting down and abandoning module Android_ASTCTargetPlatform (83)
[2018.02.23-06.45.03:766][526]LogModuleManager: Shutting down and abandoning module WindowsTargetPlatform (81)
[2018.02.23-06.45.03:766][526]LogModuleManager: Shutting down and abandoning module WindowsServerTargetPlatform (79)
[2018.02.23-06.45.03:766][526]LogModuleManager: Shutting down and abandoning module WindowsNoEditorTargetPlatform (77)
[2018.02.23-06.45.03:766][526]LogModuleManager: Shutting down and abandoning module WindowsClientTargetPlatform (75)
[2018.02.23-06.45.03:766][526]LogModuleManager: Shutting down and abandoning module MacTargetPlatform (73)
[2018.02.23-06.45.03:766][526]LogModuleManager: Shutting down and abandoning module MacServerTargetPlatform (71)
[2018.02.23-06.45.03:766][526]LogModuleManager: Shutting down and abandoning module MacNoEditorTargetPlatform (69)
[2018.02.23-06.45.03:766][526]LogModuleManager: Shutting down and abandoning module MacClientTargetPlatform (67)
[2018.02.23-06.45.03:766][526]LogModuleManager: Shutting down and abandoning module AllDesktopTargetPlatform (65)
[2018.02.23-06.45.03:766][526]LogModuleManager: Shutting down and abandoning module InputCore (62)
[2018.02.23-06.45.03:766][526]LogModuleManager: Shutting down and abandoning module Settings (60)
[2018.02.23-06.45.03:766][526]LogModuleManager: Shutting down and abandoning module PhysXCooking (58)
[2018.02.23-06.45.03:766][526]LogModuleManager: Shutting down and abandoning module OculusHMD (56)
[2018.02.23-06.45.03:766][526]LogModuleManager: Shutting down and abandoning module ExampleDeviceProfileSelector (54)
[2018.02.23-06.45.03:766][526]LogModuleManager: Shutting down and abandoning module AppleARKit (52)
[2018.02.23-06.45.03:766][526]LogModuleManager: Shutting down and abandoning module AugmentedReality (51)
[2018.02.23-06.45.03:766][526]LogModuleManager: Shutting down and abandoning module OnlineBlueprintSupport (48)
[2018.02.23-06.45.03:766][526]LogModuleManager: Shutting down and abandoning module OnlineSubsystem (44)
[2018.02.23-06.45.03:766][526]LogModuleManager: Shutting down and abandoning module XMPP (43)
[2018.02.23-06.45.03:766][526]LogModuleManager: Shutting down and abandoning module HTTP (41)
[2018.02.23-06.45.03:767][526]LogHttp: Display: Http module shutting down, but needs to wait on 1 outstanding Http requests:
[2018.02.23-06.45.03:767][526]LogHttp: Display: 	verb=[POST] url=[https://datarouter.ol.epicgames.com/datarouter/api/v1/public/data?SessionID=%7BB62C1793-42E5-C0B0-F26F-1C86A94B4FB9%7D&AppID=UEEditor.Rocket.Release&AppVersion=4.18.1-3754814%2B%2B%2BUE4%2BRelease-4.18&UserID=e6b964bb4d7d32db1e0279be1f7d80b1%7C%7C749240e7-9a15-44c7-a992-61208e1073f5&AppEnvironment=datacollector-binary&UploadType=eteventstream] status=Processing
[2018.02.23-06.45.03:796][526]LogModuleManager: Shutting down and abandoning module SSL (40)
[2018.02.23-06.45.03:798][526]LogModuleManager: Shutting down and abandoning module AnimationModifiers (36)
[2018.02.23-06.45.03:798][526]LogModuleManager: Shutting down and abandoning module PropertyEditor (35)
[2018.02.23-06.45.03:798][526]LogModuleManager: Shutting down and abandoning module AudioEditor (32)
[2018.02.23-06.45.03:798][526]LogModuleManager: Shutting down and abandoning module TextureCompressor (30)
[2018.02.23-06.45.03:798][526]LogModuleManager: Shutting down and abandoning module ShaderCore (28)
[2018.02.23-06.45.03:798][526]LogModuleManager: Shutting down and abandoning module Landscape (26)
[2018.02.23-06.45.03:798][526]LogModuleManager: Shutting down and abandoning module SlateRHIRenderer (24)
[2018.02.23-06.45.03:799][526]LogModuleManager: Shutting down and abandoning module OpenGLDrv (22)
[2018.02.23-06.45.03:799][526]LogModuleManager: Shutting down and abandoning module D3D11RHI (20)
[2018.02.23-06.45.03:799][526]LogModuleManager: Shutting down and abandoning module AnimGraphRuntime (18)
[2018.02.23-06.45.03:799][526]LogModuleManager: Shutting down and abandoning module Renderer (16)
[2018.02.23-06.45.03:799][526]LogModuleManager: Shutting down and abandoning module Engine (14)
[2018.02.23-06.45.03:799][526]LogModuleManager: Shutting down and abandoning module CoreUObject (12)
[2018.02.23-06.45.03:799][526]LogModuleManager: Shutting down and abandoning module NetworkFile (10)
[2018.02.23-06.45.03:799][526]LogModuleManager: Shutting down and abandoning module CookedIterativeFile (8)
[2018.02.23-06.45.03:799][526]LogModuleManager: Shutting down and abandoning module StreamingFile (6)
[2018.02.23-06.45.03:799][526]LogModuleManager: Shutting down and abandoning module SandboxFile (4)
[2018.02.23-06.45.03:799][526]LogModuleManager: Shutting down and abandoning module PakFile (2)
[2018.02.23-06.45.03:802][526]LogExit: Exiting.
[2018.02.23-06.45.03:811][526]Log file closed, 02/23/18 14:45:03
